Fold 0
Model 0 best validation rmse = inf on epoch 0
Model 0 test rmse = nan
Ensemble test rmse = nan
1-fold cross validation
Seed 0 ==> test rmse = nan
Overall test rmse = nan +/- nan
Fold 0
Model 0 best validation rmse = 65.839253 on epoch 0
Model 0 test rmse = nan
Ensemble test rmse = nan
1-fold cross validation
Seed 0 ==> test rmse = nan
Overall test rmse = nan +/- nan
Fold 0
Model 0 best validation rmse = inf on epoch 0
Model 0 test rmse = nan
Ensemble test rmse = nan
1-fold cross validation
Seed 0 ==> test rmse = nan
Overall test rmse = nan +/- nan
Fold 0
Fold 0
Fold 0
Fold 0
Model 0 best validation rmse = inf on epoch 0
Model 0 test rmse = nan
Ensemble test rmse = nan
1-fold cross validation
Seed 0 ==> test rmse = nan
Overall test rmse = nan +/- nan
Fold 0
Model 0 best validation rmse = inf on epoch 0
Model 0 test rmse = nan
Ensemble test rmse = nan
1-fold cross validation
Seed 0 ==> test rmse = nan
Overall test rmse = nan +/- nan
Fold 0
Model 0 best validation rmse = inf on epoch 0
Model 0 test rmse = nan
Ensemble test rmse = nan
1-fold cross validation
Seed 0 ==> test rmse = nan
Overall test rmse = nan +/- nan
Fold 0
Model 0 best validation rmse = inf on epoch 0
Model 0 test rmse = nan
Ensemble test rmse = nan
1-fold cross validation
Seed 0 ==> test rmse = nan
Overall test rmse = nan +/- nan
Fold 0
Fold 0
Model 0 best validation rmse = inf on epoch 0
Model 0 test rmse = nan
Ensemble test rmse = nan
1-fold cross validation
Seed 0 ==> test rmse = nan
Overall test rmse = nan +/- nan
Fold 0
Fold 0
Model 0 best validation rmse = inf on epoch 0
Model 0 test rmse = nan
Ensemble test rmse = nan
1-fold cross validation
Seed 0 ==> test rmse = nan
Overall test rmse = nan +/- nan
Fold 0
Fold 0
Model 0 best validation rmse = inf on epoch 0
Model 0 test rmse = nan
Ensemble test rmse = nan
1-fold cross validation
Seed 0 ==> test rmse = nan
Overall test rmse = nan +/- nan
Fold 0
Model 0 best validation rmse = inf on epoch 0
Model 0 test rmse = nan
Ensemble test rmse = nan
1-fold cross validation
Seed 0 ==> test rmse = nan
Overall test rmse = nan +/- nan
Fold 0
Model 0 best validation rmse = inf on epoch 0
Model 0 test rmse = nan
Ensemble test rmse = nan
1-fold cross validation
Seed 0 ==> test rmse = nan
Overall test rmse = nan +/- nan
Fold 0
Model 0 best validation rmse = inf on epoch 0
Model 0 test rmse = nan
Ensemble test rmse = nan
1-fold cross validation
Seed 0 ==> test rmse = nan
Overall test rmse = nan +/- nan
Fold 0
Model 0 best validation rmse = inf on epoch 0
Model 0 test rmse = nan
Ensemble test rmse = nan
1-fold cross validation
Seed 0 ==> test rmse = nan
Overall test rmse = nan +/- nan
Fold 0
Model 0 best validation rmse = inf on epoch 0
Model 0 test rmse = nan
Ensemble test rmse = nan
1-fold cross validation
Seed 0 ==> test rmse = nan
Overall test rmse = nan +/- nan
Fold 0
Model 0 best validation rmse = inf on epoch 0
Model 0 test rmse = nan
Ensemble test rmse = nan
1-fold cross validation
Seed 0 ==> test rmse = nan
Overall test rmse = nan +/- nan
Fold 0
Fold 0
Fold 0
Fold 0
Fold 0
Model 0 best validation rmse = inf on epoch 0
Model 0 test rmse = nan
Ensemble test rmse = nan
1-fold cross validation
Seed 0 ==> test rmse = nan
Overall test rmse = nan +/- nan
Fold 0
Model 0 best validation rmse = inf on epoch 0
Model 0 test rmse = nan
Ensemble test rmse = nan
1-fold cross validation
Seed 0 ==> test rmse = nan
Overall test rmse = nan +/- nan
Fold 0
Model 0 best validation rmse = inf on epoch 0
Model 0 test rmse = nan
Ensemble test rmse = nan
1-fold cross validation
Seed 0 ==> test rmse = nan
Overall test rmse = nan +/- nan
Fold 0
Model 0 best validation rmse = inf on epoch 0
Model 0 test rmse = nan
Ensemble test rmse = nan
1-fold cross validation
Seed 0 ==> test rmse = nan
Overall test rmse = nan +/- nan
Fold 0
Model 0 best validation rmse = inf on epoch 0
Model 0 test rmse = nan
Ensemble test rmse = nan
1-fold cross validation
Seed 0 ==> test rmse = nan
Overall test rmse = nan +/- nan
Fold 0
Model 0 best validation rmse = inf on epoch 0
Model 0 test rmse = nan
Ensemble test rmse = nan
1-fold cross validation
Seed 0 ==> test rmse = nan
Overall test rmse = nan +/- nan
Fold 0
Fold 0
Model 0 best validation rmse = 2.929276 on epoch 101
Model 0 test rmse = nan
Ensemble test rmse = nan
1-fold cross validation
Seed 0 ==> test rmse = nan
Overall test rmse = nan +/- nan
Fold 0
Fold 0
Model 0 best validation rmse = 2.679839 on epoch 108
Model 0 test rmse = nan
Ensemble test rmse = nan
1-fold cross validation
Seed 0 ==> test rmse = nan
Overall test rmse = nan +/- nan
Fold 0
Model 0 best validation rmse = 65.710674 on epoch 1
Model 0 test rmse = nan
Ensemble test rmse = nan
1-fold cross validation
Seed 0 ==> test rmse = nan
Overall test rmse = nan +/- nan
Fold 0
Model 0 best validation rmse = 71.342779 on epoch 0
Model 0 test rmse = nan
Ensemble test rmse = nan
1-fold cross validation
Seed 0 ==> test rmse = nan
Overall test rmse = nan +/- nan
